<?xml version="1.0" encoding="UTF-8"?>
<testng-results skipped="1" failed="0" total="1" passed="0">
  <reporter-output>
  </reporter-output>
  <suite name="Suite" duration-ms="39" started-at="2016-09-19T15:23:56Z" finished-at="2016-09-19T15:23:56Z">
    <groups>
    </groups>
    <test name="Test" duration-ms="39" started-at="2016-09-19T15:23:56Z" finished-at="2016-09-19T15:23:56Z">
      <class name="com.jx.sales.testNG.WebServiceTest">
        <test-method status="FAIL" signature="beforeSuite()[pri:0, instance:com.jx.sales.testNG.WebServiceTest@6dc17b83]" name="beforeSuite" is-config="true" duration-ms="0" started-at="2016-09-19T23:23:53Z" finished-at="2016-09-19T23:23:53Z">
          <exception class="org.springframework.beans.factory.BeanCreationException">
            <message>
              <![CDATA[Error creating bean with name 'dictClient': Initialization of bean failed; nested exception is org.springframework.beans.TypeMismatchException: Failed to convert property value of type 'java.lang.String' to required type 'java.lang.Class' for property 'serviceClass'; nested exception is java.lang.IllegalArgumentException: Cannot find class [com.jx.manager.webservice.Impl.DictWebserviceImp]]]>
            </message>
            <full-stacktrace>
              <![CDATA[org.springframework.beans.factory.BeanCreationException: Error creating bean with name 'dictClient': Initialization of bean failed; nested exception is org.springframework.beans.TypeMismatchException: Failed to convert property value of type 'java.lang.String' to required type 'java.lang.Class' for property 'serviceClass'; nested exception is java.lang.IllegalArgumentException: Cannot find class [com.jx.manager.webservice.Impl.DictWebserviceImp]
	at org.springframework.beans.factory.support.AbstractAutowireCapableBeanFactory.doCreateBean(AbstractAutowireCapableBeanFactory.java:547)
	at org.springframework.beans.factory.support.AbstractAutowireCapableBeanFactory.createBean(AbstractAutowireCapableBeanFactory.java:476)
	at org.springframework.beans.factory.support.AbstractBeanFactory$1.getObject(AbstractBeanFactory.java:303)
	at org.springframework.beans.factory.support.DefaultSingletonBeanRegistry.getSingleton(DefaultSingletonBeanRegistry.java:230)
	at org.springframework.beans.factory.support.AbstractBeanFactory.doGetBean(AbstractBeanFactory.java:299)
	at org.springframework.beans.factory.support.AbstractBeanFactory.getBean(AbstractBeanFactory.java:194)
	at org.springframework.beans.factory.support.DefaultListableBeanFactory.preInstantiateSingletons(DefaultListableBeanFactory.java:743)
	at org.springframework.context.support.AbstractApplicationContext.finishBeanFactoryInitialization(AbstractApplicationContext.java:757)
	at org.springframework.context.support.AbstractApplicationContext.refresh(AbstractApplicationContext.java:480)
	at org.springframework.context.support.ClassPathXmlApplicationContext.<init>(ClassPathXmlApplicationContext.java:139)
	at org.springframework.context.support.ClassPathXmlApplicationContext.<init>(ClassPathXmlApplicationContext.java:93)
	at com.jx.utility.common_utility.testNG.BaseTestNG.beforeSuite(BaseTestNG.java:21)
	at sun.reflect.NativeMethodAccessorImpl.invoke0(Native Method)
	at sun.reflect.NativeMethodAccessorImpl.invoke(NativeMethodAccessorImpl.java:62)
	at sun.reflect.DelegatingMethodAccessorImpl.invoke(DelegatingMethodAccessorImpl.java:43)
	at java.lang.reflect.Method.invoke(Method.java:497)
	at org.testng.internal.MethodInvocationHelper.invokeMethod(MethodInvocationHelper.java:86)
	at org.testng.internal.Invoker.invokeConfigurationMethod(Invoker.java:514)
	at org.testng.internal.Invoker.invokeConfigurations(Invoker.java:215)
	at org.testng.internal.Invoker.invokeConfigurations(Invoker.java:142)
	at org.testng.SuiteRunner.privateRun(SuiteRunner.java:305)
	at org.testng.SuiteRunner.run(SuiteRunner.java:268)
	at org.testng.SuiteRunnerWorker.runSuite(SuiteRunnerWorker.java:52)
	at org.testng.SuiteRunnerWorker.run(SuiteRunnerWorker.java:86)
	at org.testng.TestNG.runSuitesSequentially(TestNG.java:1244)
	at org.testng.TestNG.runSuitesLocally(TestNG.java:1169)
	at org.testng.TestNG.run(TestNG.java:1064)
	at org.testng.remote.AbstractRemoteTestNG.run(AbstractRemoteTestNG.java:126)
	at org.testng.remote.RemoteTestNG.initAndRun(RemoteTestNG.java:152)
	at org.testng.remote.RemoteTestNG.main(RemoteTestNG.java:57)
Caused by: org.springframework.beans.TypeMismatchException: Failed to convert property value of type 'java.lang.String' to required type 'java.lang.Class' for property 'serviceClass'; nested exception is java.lang.IllegalArgumentException: Cannot find class [com.jx.manager.webservice.Impl.DictWebserviceImp]
	at org.springframework.beans.BeanWrapperImpl.convertIfNecessary(BeanWrapperImpl.java:480)
	at org.springframework.beans.BeanWrapperImpl.convertForProperty(BeanWrapperImpl.java:511)
	at org.springframework.beans.BeanWrapperImpl.convertForProperty(BeanWrapperImpl.java:505)
	at org.springframework.beans.factory.support.AbstractAutowireCapableBeanFactory.convertForProperty(AbstractAutowireCapableBeanFactory.java:1515)
	at org.springframework.beans.factory.support.AbstractAutowireCapableBeanFactory.applyPropertyValues(AbstractAutowireCapableBeanFactory.java:1474)
	at org.springframework.beans.factory.support.AbstractAutowireCapableBeanFactory.populateBean(AbstractAutowireCapableBeanFactory.java:1214)
	at org.springframework.beans.factory.support.AbstractAutowireCapableBeanFactory.doCreateBean(AbstractAutowireCapableBeanFactory.java:537)
	... 29 more
Caused by: java.lang.IllegalArgumentException: Cannot find class [com.jx.manager.webservice.Impl.DictWebserviceImp]
	at org.springframework.util.ClassUtils.resolveClassName(ClassUtils.java:286)
	at org.springframework.beans.propertyeditors.ClassEditor.setAsText(ClassEditor.java:63)
	at org.springframework.beans.TypeConverterDelegate.doConvertTextValue(TypeConverterDelegate.java:450)
	at org.springframework.beans.TypeConverterDelegate.doConvertValue(TypeConverterDelegate.java:423)
	at org.springframework.beans.TypeConverterDelegate.convertIfNecessary(TypeConverterDelegate.java:195)
	at org.springframework.beans.BeanWrapperImpl.convertIfNecessary(BeanWrapperImpl.java:460)
	... 35 more
Caused by: java.lang.ClassNotFoundException: com.jx.manager.webservice.Impl.DictWebserviceImp
	at java.net.URLClassLoader.findClass(URLClassLoader.java:381)
	at java.lang.ClassLoader.loadClass(ClassLoader.java:424)
	at sun.misc.Launcher$AppClassLoader.loadClass(Launcher.java:331)
	at java.lang.ClassLoader.loadClass(ClassLoader.java:357)
	at org.springframework.util.ClassUtils.forName(ClassUtils.java:249)
	at org.springframework.util.ClassUtils.resolveClassName(ClassUtils.java:283)
	... 40 more
]]>
            </full-stacktrace>
          </exception> <!-- org.springframework.beans.factory.BeanCreationException -->
          <reporter-output>
          </reporter-output>
        </test-method> <!-- beforeSuite -->
        <test-method status="SKIP" signature="beforeTest()[pri:0, instance:com.jx.sales.testNG.WebServiceTest@6dc17b83]" name="beforeTest" is-config="true" duration-ms="0" started-at="2016-09-19T23:23:56Z" finished-at="2016-09-19T23:23:56Z">
          <reporter-output>
          </reporter-output>
        </test-method> <!-- beforeTest -->
        <test-method status="SKIP" signature="beforeClass()[pri:0, instance:com.jx.sales.testNG.WebServiceTest@6dc17b83]" name="beforeClass" is-config="true" duration-ms="0" started-at="2016-09-19T23:23:56Z" finished-at="2016-09-19T23:23:56Z">
          <reporter-output>
          </reporter-output>
        </test-method> <!-- beforeClass -->
        <test-method status="SKIP" signature="BeforeMethod()[pri:0, instance:com.jx.sales.testNG.WebServiceTest@6dc17b83]" name="BeforeMethod" is-config="true" duration-ms="0" started-at="2016-09-19T23:23:56Z" finished-at="2016-09-19T23:23:56Z">
          <reporter-output>
          </reporter-output>
        </test-method> <!-- BeforeMethod -->
        <test-method status="SKIP" signature="testWebService()[pri:0, instance:com.jx.sales.testNG.WebServiceTest@6dc17b83]" name="testWebService" duration-ms="1" started-at="2016-09-19T23:23:56Z" finished-at="2016-09-19T23:23:56Z">
          <reporter-output>
          </reporter-output>
        </test-method> <!-- testWebService -->
        <test-method status="SKIP" signature="AfterMethod()[pri:0, instance:com.jx.sales.testNG.WebServiceTest@6dc17b83]" name="AfterMethod" is-config="true" duration-ms="0" started-at="2016-09-19T23:23:56Z" finished-at="2016-09-19T23:23:56Z">
          <reporter-output>
          </reporter-output>
        </test-method> <!-- AfterMethod -->
        <test-method status="SKIP" signature="afterClass()[pri:0, instance:com.jx.sales.testNG.WebServiceTest@6dc17b83]" name="afterClass" is-config="true" duration-ms="0" started-at="2016-09-19T23:23:56Z" finished-at="2016-09-19T23:23:56Z">
          <reporter-output>
          </reporter-output>
        </test-method> <!-- afterClass -->
        <test-method status="SKIP" signature="afterTest()[pri:0, instance:com.jx.sales.testNG.WebServiceTest@6dc17b83]" name="afterTest" is-config="true" duration-ms="0" started-at="2016-09-19T23:23:56Z" finished-at="2016-09-19T23:23:56Z">
          <reporter-output>
          </reporter-output>
        </test-method> <!-- afterTest -->
        <test-method status="SKIP" signature="afterSuite()[pri:0, instance:com.jx.sales.testNG.WebServiceTest@6dc17b83]" name="afterSuite" is-config="true" duration-ms="0" started-at="2016-09-19T23:23:56Z" finished-at="2016-09-19T23:23:56Z">
          <reporter-output>
          </reporter-output>
        </test-method> <!-- afterSuite -->
      </class> <!-- com.jx.sales.testNG.WebServiceTest -->
    </test> <!-- Test -->
  </suite> <!-- Suite -->
</testng-results>
