<?xml version="1.0" encoding="UTF-8"?>
<testng-results skipped="0" failed="0" total="1" passed="1">
  <reporter-output>
  </reporter-output>
  <suite name="Suite" duration-ms="13" started-at="2016-09-02T01:40:21Z" finished-at="2016-09-02T01:40:21Z">
    <groups>
    </groups>
    <test name="Test" duration-ms="13" started-at="2016-09-02T01:40:21Z" finished-at="2016-09-02T01:40:21Z">
      <class name="com.centaline.testNG.MenuTest">
        <test-method status="PASS" signature="beforeSuite()[pri:0, instance:com.centaline.testNG.MenuTest@5c3bd550]" name="beforeSuite" is-config="true" duration-ms="6" started-at="2016-09-02T09:40:21Z" finished-at="2016-09-02T09:40:21Z">
          <reporter-output>
          </reporter-output>
        </test-method> <!-- beforeSuite -->
        <test-method status="PASS" signature="beforeTest()[pri:0, instance:com.centaline.testNG.MenuTest@5c3bd550]" name="beforeTest" is-config="true" duration-ms="0" started-at="2016-09-02T09:40:21Z" finished-at="2016-09-02T09:40:21Z">
          <reporter-output>
          </reporter-output>
        </test-method> <!-- beforeTest -->
        <test-method status="PASS" signature="beforeClass()[pri:0, instance:com.centaline.testNG.MenuTest@5c3bd550]" name="beforeClass" is-config="true" duration-ms="0" started-at="2016-09-02T09:40:21Z" finished-at="2016-09-02T09:40:21Z">
          <reporter-output>
          </reporter-output>
        </test-method> <!-- beforeClass -->
        <test-method status="PASS" signature="mytest2()[pri:0, instance:com.centaline.testNG.MenuTest@5c3bd550]" name="mytest2" duration-ms="4" started-at="2016-09-02T09:40:21Z" finished-at="2016-09-02T09:40:21Z">
          <reporter-output>
          </reporter-output>
        </test-method> <!-- mytest2 -->
        <test-method status="PASS" signature="BeforeMethod()[pri:0, instance:com.centaline.testNG.MenuTest@5c3bd550]" name="BeforeMethod" is-config="true" duration-ms="0" started-at="2016-09-02T09:40:21Z" finished-at="2016-09-02T09:40:21Z">
          <reporter-output>
          </reporter-output>
        </test-method> <!-- BeforeMethod -->
        <test-method status="PASS" signature="afterClass()[pri:0, instance:com.centaline.testNG.MenuTest@5c3bd550]" name="afterClass" is-config="true" duration-ms="0" started-at="2016-09-02T09:40:21Z" finished-at="2016-09-02T09:40:21Z">
          <reporter-output>
          </reporter-output>
        </test-method> <!-- afterClass -->
        <test-method status="PASS" signature="AfterMethod()[pri:0, instance:com.centaline.testNG.MenuTest@5c3bd550]" name="AfterMethod" is-config="true" duration-ms="0" started-at="2016-09-02T09:40:21Z" finished-at="2016-09-02T09:40:21Z">
          <reporter-output>
          </reporter-output>
        </test-method> <!-- AfterMethod -->
        <test-method status="PASS" signature="afterTest()[pri:0, instance:com.centaline.testNG.MenuTest@5c3bd550]" name="afterTest" is-config="true" duration-ms="0" started-at="2016-09-02T09:40:21Z" finished-at="2016-09-02T09:40:21Z">
          <reporter-output>
          </reporter-output>
        </test-method> <!-- afterTest -->
        <test-method status="PASS" signature="afterSuite()[pri:0, instance:com.centaline.testNG.MenuTest@5c3bd550]" name="afterSuite" is-config="true" duration-ms="0" started-at="2016-09-02T09:40:21Z" finished-at="2016-09-02T09:40:21Z">
          <reporter-output>
          </reporter-output>
        </test-method> <!-- afterSuite -->
      </class> <!-- com.centaline.testNG.MenuTest -->
    </test> <!-- Test -->
  </suite> <!-- Suite -->
</testng-results>
