<?xml version="1.0" encoding="UTF-8"?>
<!-- Generated by org.testng.reporters.JUnitXMLReporter -->
<testsuite hostname="USER-20160901OB" name="Test" tests="1" failures="0" timestamp="19 Sep 2016 15:23:56 GMT" time="0.039" errors="0">
  <testcase name="@BeforeSuite beforeSuite" time="0.0" classname="com.jx.sales.testNG.WebServiceTest">
    <failure type="org.springframework.beans.factory.BeanCreationException" message="Error creating bean with name &amp;apos;dictClient&amp;apos;: Initialization of bean failed; nested exception is org.springframework.beans.TypeMismatchException: Failed to convert property value of type &amp;apos;java.lang.String&amp;apos; to required type &amp;apos;java.lang.Class&amp;apos; for property &amp;apos;serviceClass&amp;apos;; nested exception is java.lang.IllegalArgumentException: Cannot find class [com.jx.manager.webservice.Impl.DictWebserviceImp]">
      <![CDATA[org.springframework.beans.factory.BeanCreationException: Error creating bean with name 'dictClient': Initialization of bean failed; nested exception is org.springframework.beans.TypeMismatchException: Failed to convert property value of type 'java.lang.String' to required type 'java.lang.Class' for property 'serviceClass'; nested exception is java.lang.IllegalArgumentException: Cannot find class [com.jx.manager.webservice.Impl.DictWebserviceImp]
	at org.springframework.beans.factory.support.AbstractAutowireCapableBeanFactory.doCreateBean(AbstractAutowireCapableBeanFactory.java:547)
	at org.springframework.beans.factory.support.AbstractAutowireCapableBeanFactory.createBean(AbstractAutowireCapableBeanFactory.java:476)
	at org.springframework.beans.factory.support.AbstractBeanFactory$1.getObject(AbstractBeanFactory.java:303)
	at org.springframework.beans.factory.support.DefaultSingletonBeanRegistry.getSingleton(DefaultSingletonBeanRegistry.java:230)
	at org.springframework.beans.factory.support.AbstractBeanFactory.doGetBean(AbstractBeanFactory.java:299)
	at org.springframework.beans.factory.support.AbstractBeanFactory.getBean(AbstractBeanFactory.java:194)
	at org.springframework.beans.factory.support.DefaultListableBeanFactory.preInstantiateSingletons(DefaultListableBeanFactory.java:743)
	at org.springframework.context.support.AbstractApplicationContext.finishBeanFactoryInitialization(AbstractApplicationContext.java:757)
	at org.springframework.context.support.AbstractApplicationContext.refresh(AbstractApplicationContext.java:480)
	at org.springframework.context.support.ClassPathXmlApplicationContext.<init>(ClassPathXmlApplicationContext.java:139)
	at org.springframework.context.support.ClassPathXmlApplicationContext.<init>(ClassPathXmlApplicationContext.java:93)
	at com.jx.utility.common_utility.testNG.BaseTestNG.beforeSuite(BaseTestNG.java:21)
Caused by: org.springframework.beans.TypeMismatchException: Failed to convert property value of type 'java.lang.String' to required type 'java.lang.Class' for property 'serviceClass'; nested exception is java.lang.IllegalArgumentException: Cannot find class [com.jx.manager.webservice.Impl.DictWebserviceImp]
	at org.springframework.beans.BeanWrapperImpl.convertIfNecessary(BeanWrapperImpl.java:480)
	at org.springframework.beans.BeanWrapperImpl.convertForProperty(BeanWrapperImpl.java:511)
	at org.springframework.beans.BeanWrapperImpl.convertForProperty(BeanWrapperImpl.java:505)
	at org.springframework.beans.factory.support.AbstractAutowireCapableBeanFactory.convertForProperty(AbstractAutowireCapableBeanFactory.java:1515)
	at org.springframework.beans.factory.support.AbstractAutowireCapableBeanFactory.applyPropertyValues(AbstractAutowireCapableBeanFactory.java:1474)
	at org.springframework.beans.factory.support.AbstractAutowireCapableBeanFactory.populateBean(AbstractAutowireCapableBeanFactory.java:1214)
	at org.springframework.beans.factory.support.AbstractAutowireCapableBeanFactory.doCreateBean(AbstractAutowireCapableBeanFactory.java:537)
	... 29 more
Caused by: java.lang.IllegalArgumentException: Cannot find class [com.jx.manager.webservice.Impl.DictWebserviceImp]
	at org.springframework.util.ClassUtils.resolveClassName(ClassUtils.java:286)
	at org.springframework.beans.propertyeditors.ClassEditor.setAsText(ClassEditor.java:63)
	at org.springframework.beans.TypeConverterDelegate.doConvertTextValue(TypeConverterDelegate.java:450)
	at org.springframework.beans.TypeConverterDelegate.doConvertValue(TypeConverterDelegate.java:423)
	at org.springframework.beans.TypeConverterDelegate.convertIfNecessary(TypeConverterDelegate.java:195)
	at org.springframework.beans.BeanWrapperImpl.convertIfNecessary(BeanWrapperImpl.java:460)
	... 35 more
Caused by: java.lang.ClassNotFoundException: com.jx.manager.webservice.Impl.DictWebserviceImp
	at java.net.URLClassLoader.findClass(URLClassLoader.java:381)
	at java.lang.ClassLoader.loadClass(ClassLoader.java:424)
	at sun.misc.Launcher$AppClassLoader.loadClass(Launcher.java:331)
	at java.lang.ClassLoader.loadClass(ClassLoader.java:357)
	at org.springframework.util.ClassUtils.forName(ClassUtils.java:249)
	at org.springframework.util.ClassUtils.resolveClassName(ClassUtils.java:283)
	... 40 more
... Removed 18 stack frames]]>
    </failure>
  </testcase> <!-- @BeforeSuite beforeSuite -->
  <testcase name="@BeforeTest beforeTest" time="0.0" classname="com.jx.sales.testNG.WebServiceTest">
    <skipped/>
  </testcase> <!-- @BeforeTest beforeTest -->
  <testcase name="@BeforeClass beforeClass" time="0.0" classname="com.jx.sales.testNG.WebServiceTest">
    <skipped/>
  </testcase> <!-- @BeforeClass beforeClass -->
  <testcase name="@BeforeMethod BeforeMethod" time="0.0" classname="com.jx.sales.testNG.WebServiceTest">
    <skipped/>
  </testcase> <!-- @BeforeMethod BeforeMethod -->
  <testcase name="@AfterMethod AfterMethod" time="0.0" classname="com.jx.sales.testNG.WebServiceTest">
    <skipped/>
  </testcase> <!-- @AfterMethod AfterMethod -->
  <testcase name="@AfterClass afterClass" time="0.0" classname="com.jx.sales.testNG.WebServiceTest">
    <skipped/>
  </testcase> <!-- @AfterClass afterClass -->
  <testcase name="@AfterTest afterTest" time="0.0" classname="com.jx.sales.testNG.WebServiceTest">
    <skipped/>
  </testcase> <!-- @AfterTest afterTest -->
  <testcase name="testWebService" time="0.001" classname="com.jx.sales.testNG.WebServiceTest">
    <skipped/>
  </testcase> <!-- testWebService -->
</testsuite> <!-- Test -->
